#
# There is insufficient memory for the Java Runtime Environment to continue.
# Native memory allocation (mmap) failed to map 132120576 bytes for Failed to commit area from 0x0000000082000000 to 0x0000000089e00000 of length 132120576.
# Possible reasons:
#   The system is out of physical RAM or swap space
#   The process is running with CompressedOops enabled, and the Java Heap may be blocking the growth of the native heap
# Possible solutions:
#   Reduce memory load on the system
#   Increase physical memory or swap space
#   Check if swap backing store is full
#   Decrease Java heap size (-Xmx/-Xms)
#   Decrease number of Java threads
#   Decrease Java thread stack sizes (-Xss)
#   Set larger code cache with -XX:ReservedCodeCacheSize=
# This output file may be truncated or incomplete.
#
#  Out of Memory Error (./src/hotspot/os/windows/os_windows.cpp:3619), pid=26340, tid=28044
#
# JRE version:  (11.0.13) (build )
# Java VM: OpenJDK 64-Bit Server VM (11.0.13+0-b1751.21-8125866, mixed mode, sharing, tiered, compressed oops, g1 gc, windows-amd64)
# No core dump will be written. Minidumps are not enabled by default on client versions of Windows
#

---------------  S U M M A R Y ------------

Command Line: git4idea.http.GitAskPassApp Username for 'https://github.com': 

Host: Intel(R) Core(TM) i3-3120M CPU @ 2.50GHz, 4 cores, 7G,  Windows 10 , 64 bit Build 19041 (10.0.19041.2364)
Time: Fri Feb 17 13:19:29 2023 RTZ 2 (зима) elapsed time: 0.078686 seconds (0d 0h 0m 0s)

---------------  T H R E A D  ---------------

Current thread (0x000001c807f0c000):  JavaThread "Unknown thread" [_thread_in_vm, id=28044, stack(0x0000007d72f00000,0x0000007d73000000)]

Stack: [0x0000007d72f00000,0x0000007d73000000]
Native frames: (J=compiled Java code, j=interpreted, Vv=VM code, C=native code)
V  [jvm.dll+0x6100fa]
V  [jvm.dll+0x747090]
V  [jvm.dll+0x7486ad]
V  [jvm.dll+0x748d83]
V  [jvm.dll+0x24ab48]
V  [jvm.dll+0x60d164]
V  [jvm.dll+0x601e75]
V  [jvm.dll+0x308bdb]
V  [jvm.dll+0x308b4a]
V  [jvm.dll+0x308a22]
V  [jvm.dll+0x30d986]
V  [jvm.dll+0x357093]
V  [jvm.dll+0x357796]
V  [jvm.dll+0x357193]
V  [jvm.dll+0x2e3448]
V  [jvm.dll+0x2e45f7]
V  [jvm.dll+0x7242e7]
V  [jvm.dll+0x725adc]
V  [jvm.dll+0x364629]
V  [jvm.dll+0x707cee]
V  [jvm.dll+0x3d2633]
V  [jvm.dll+0x3d4a21]
C  [jli.dll+0x536b]
C  [ucrtbase.dll+0x21bb2]
C  [KERNEL32.DLL+0x17614]
C  [ntdll.dll+0x526a1]


---------------  P R O C E S S  ---------------

Threads class SMR info:
_java_thread_list=0x000001c805d11e50, length=0, elements={
}

Java Threads: ( => current thread )

Other Threads:
  0x000001c807f27000 GCTaskThread "GC Thread#0" [stack: 0x0000007d73000000,0x0000007d73100000] [id=27380]
  0x000001c807f56000 ConcurrentGCThread "G1 Main Marker" [stack: 0x0000007d73100000,0x0000007d73200000] [id=24452]
  0x000001c807f59800 ConcurrentGCThread "G1 Conc#0" [stack: 0x0000007d73200000,0x0000007d73300000] [id=14240]

[error occurred during error reporting (printing all threads), id 0xc0000005, EXCEPTION_ACCESS_VIOLATION (0xc0000005) at pc=0x00007fff01bc3dd7]

VM state:not at safepoint (not fully initialized)

VM Mutex/Monitor currently owned by a thread:  ([mutex/lock_event])
[0x000001c807f08560] Heap_lock - owner thread: 0x000001c807f0c000

Heap address: 0x0000000082000000, size: 2016 MB, Compressed Oops mode: Non-zero based: 0x0000000082000000
Narrow klass base: 0x0000000000000000, Narrow klass shift: 0

GC Heap History (0 events):
No events

Deoptimization events (0 events):
No events

Classes redefined (0 events):
No events

Internal exceptions (0 events):
No events

Events (1 events):
Event: 0.051 Loaded shared library C:\Program Files\Android\Android Studio1\jre\bin\zip.dll


Dynamic libraries:
0x00007ff7a4c70000 - 0x00007ff7a4c7a000 	C:\Program Files\Android\Android Studio1\jre\bin\java.exe
0x00007fff66770000 - 0x00007fff66968000 	C:\WINDOWS\SYSTEM32\ntdll.dll
0x00007fff64c30000 - 0x00007fff64cef000 	C:\WINDOWS\System32\KERNEL32.DLL
0x00007fff63f30000 - 0x00007fff64202000 	C:\WINDOWS\System32\KERNELBASE.dll
0x00007fff64210000 - 0x00007fff64310000 	C:\WINDOWS\System32\ucrtbase.dll
0x00007fff5f2d0000 - 0x00007fff5f2e9000 	C:\Program Files\Android\Android Studio1\jre\bin\jli.dll
0x00007fff64800000 - 0x00007fff649a1000 	C:\WINDOWS\System32\USER32.dll
0x00007fff64420000 - 0x00007fff64442000 	C:\WINDOWS\System32\win32u.dll
0x00007fff66670000 - 0x00007fff6669b000 	C:\WINDOWS\System32\GDI32.dll
0x00007fff64310000 - 0x00007fff6441f000 	C:\WINDOWS\System32\gdi32full.dll
0x00007fff64450000 - 0x00007fff644ed000 	C:\WINDOWS\System32\msvcp_win.dll
0x00007fff5f2b0000 - 0x00007fff5f2c7000 	C:\Program Files\Android\Android Studio1\jre\bin\VCRUNTIME140.dll
0x00007fff54580000 - 0x00007fff5481a000 	C:\WINDOWS\WinSxS\amd64_microsoft.windows.common-controls_6595b64144ccf1df_6.0.19041.1110_none_60b5254171f9507e\COMCTL32.dll
0x00007fff64b20000 - 0x00007fff64bbe000 	C:\WINDOWS\System32\msvcrt.dll
0x00007fff64ae0000 - 0x00007fff64b12000 	C:\WINDOWS\System32\IMM32.DLL
0x00007fff32970000 - 0x00007fff32a0d000 	C:\Program Files\Android\Android Studio1\jre\bin\msvcp140.dll
0x00007fff018d0000 - 0x00007fff023d2000 	C:\Program Files\Android\Android Studio1\jre\bin\server\jvm.dll
0x00007fff64e20000 - 0x00007fff64ece000 	C:\WINDOWS\System32\ADVAPI32.dll
0x00007fff64f40000 - 0x00007fff64fdc000 	C:\WINDOWS\System32\sechost.dll
0x00007fff64cf0000 - 0x00007fff64e15000 	C:\WINDOWS\System32\RPCRT4.dll
0x00007fff64bc0000 - 0x00007fff64bc8000 	C:\WINDOWS\System32\PSAPI.DLL
0x00007fff51320000 - 0x00007fff51347000 	C:\WINDOWS\SYSTEM32\WINMM.dll
0x00007fff61a90000 - 0x00007fff61a9a000 	C:\WINDOWS\SYSTEM32\VERSION.dll
0x00007fff60f20000 - 0x00007fff60f29000 	C:\WINDOWS\SYSTEM32\WSOCK32.dll
0x00007fff64ed0000 - 0x00007fff64f3b000 	C:\WINDOWS\System32\WS2_32.dll
0x00007fff61b90000 - 0x00007fff61ba2000 	C:\WINDOWS\SYSTEM32\kernel.appcore.dll
0x00007fff5f250000 - 0x00007fff5f261000 	C:\Program Files\Android\Android Studio1\jre\bin\verify.dll
0x00007fff47b10000 - 0x00007fff47cf4000 	C:\WINDOWS\SYSTEM32\DBGHELP.DLL
0x00007fff47ad0000 - 0x00007fff47b05000 	C:\WINDOWS\SYSTEM32\dbgcore.DLL
0x00007fff64560000 - 0x00007fff645e2000 	C:\WINDOWS\System32\bcryptPrimitives.dll
0x00007fff5daf0000 - 0x00007fff5db19000 	C:\Program Files\Android\Android Studio1\jre\bin\java.dll
0x00007fff5d990000 - 0x00007fff5d99b000 	C:\Program Files\Android\Android Studio1\jre\bin\jimage.dll
0x00007fff5d910000 - 0x00007fff5d928000 	C:\Program Files\Android\Android Studio1\jre\bin\zip.dll

dbghelp: loaded successfully - version: 4.0.5 - missing functions: none
symbol engine: initialized successfully - sym options: 0x614 - pdb path: .;C:\Program Files\Android\Android Studio1\jre\bin;C:\WINDOWS\SYSTEM32;C:\WINDOWS\WinSxS\amd64_microsoft.windows.common-controls_6595b64144ccf1df_6.0.19041.1110_none_60b5254171f9507e;C:\Program Files\Android\Android Studio1\jre\bin\server

VM Arguments:
java_command: git4idea.http.GitAskPassApp Username for 'https://github.com': 
java_class_path (initial): C:/Program Files/Android/Android Studio1/plugins/git4idea/lib/git4idea-rt.jar;C:/Program Files/Android/Android Studio1/lib/3rd-party.jar;C:/Program Files/Android/Android Studio1/lib/3rd-party-rt.jar
Launcher Type: SUN_STANDARD

[Global flags]
     intx CICompilerCount                          = 3                                         {product} {ergonomic}
     uint ConcGCThreads                            = 1                                         {product} {ergonomic}
     uint G1ConcRefinementThreads                  = 4                                         {product} {ergonomic}
   size_t G1HeapRegionSize                         = 1048576                                   {product} {ergonomic}
    uintx GCDrainStackTargetSize                   = 64                                        {product} {ergonomic}
   size_t InitialHeapSize                          = 132120576                                 {product} {ergonomic}
   size_t MarkStackSize                            = 4194304                                   {product} {ergonomic}
   size_t MaxHeapSize                              = 2113929216                                {product} {ergonomic}
   size_t MinHeapDeltaBytes                        = 1048576                                   {product} {ergonomic}
    uintx NonNMethodCodeHeapSize                   = 5830732                                {pd product} {ergonomic}
    uintx NonProfiledCodeHeapSize                  = 122913754                              {pd product} {ergonomic}
    uintx ProfiledCodeHeapSize                     = 122913754                              {pd product} {ergonomic}
    uintx ReservedCodeCacheSize                    = 251658240                              {pd product} {ergonomic}
     bool SegmentedCodeCache                       = true                                      {product} {ergonomic}
     bool UseCompressedClassPointers               = true                                 {lp64_product} {ergonomic}
     bool UseCompressedOops                        = true                                 {lp64_product} {ergonomic}
     bool UseG1GC                                  = true                                      {product} {ergonomic}
     bool UseLargePagesIndividualAllocation        = false                                  {pd product} {ergonomic}

Logging:
Log output configuration:
 #0: stdout all=warning uptime,level,tags
 #1: stderr all=off uptime,level,tags

Environment Variables:
JAVA_HOME=C:\jdk-17.0.2
PATH=C:/Program Files/Git/mingw64/libexec/git-core;C:/Program Files/Git/mingw64/libexec/git-core;C:\Program Files\Git\mingw64\bin;C:\Program Files\Git\usr\bin;C:\Users\1\bin;C:\Python39\Scripts\;C:\Python39\;C:\Program Files (x86)\Cuminas\Document Express DjVu Plug-in\;C:\WINDOWS\system32;C:\WINDOWS;C:\WINDOWS\System32\Wbem;C:\WINDOWS\System32\WindowsPowerShell\v1.0\;C:\WINDOWS\System32\OpenSSH\;C:\Program Files\nodejs\;C:\ProgramData\chocolatey\bin;C:\jdk-17.0.2\bin;C:\Program Files\dotnet\;C:\Program Files (x86)\NVIDIA Corporation\PhysX\Common;C:\flutter\bin;C:\Program Files (x86)\dotnet\;C:\Program Files\PuTTY\;C:\Program Files (x86)\Print Conductor;C:\Program Files\Git\cmd;C:\Users\1\AppData\Local\Microsoft\WindowsApps;C:\Program Files\JetBrains\IntelliJ IDEA Community Edition 2019.2.3\bin;C:\Go\bin;C:\jdk-17.0.2\bin;C:\Program Files\apache-maven-3.6.3\bin;C:\Users\1\AppData\Roaming\npm;C:\Program Files\JetBrains\WebStorm 2021.2.1\bin;C:\Users\1\AppData\Local\GitHubDesktop\bin;C:\flutter\bin;C:\dart-sdk;C:\Program Files (x86)\Print Conductor
USERNAME=1
DISPLAY=:0.0
LC_ALL=en_US.UTF-8
OS=Windows_NT
PROCESSOR_IDENTIFIER=Intel64 Family 6 Model 58 Stepping 9, GenuineIntel



---------------  S Y S T E M  ---------------

OS: Windows 10 , 64 bit Build 19041 (10.0.19041.2364)
OS uptime: 8 days 23:31 hours

CPU:total 4 (initial active 4) (2 cores per cpu, 2 threads per core) family 6 model 58 stepping 9 microcode 0x21, cmov, cx8, fxsr, mmx, sse, sse2, sse3, ssse3, sse4.1, sse4.2, popcnt, avx, clmul, erms, ht, tsc, tscinvbit, tscinv

Memory: 4k page, system-wide physical 8057M (493M free)
TotalPageFile size 10551M (AvailPageFile size 42M)
current process WorkingSet (physical memory assigned to process): 10M, peak: 10M
current process commit charge ("private bytes"): 51M, peak: 177M

vm_info: OpenJDK 64-Bit Server VM (11.0.13+0-b1751.21-8125866) for windows-amd64 JRE (11.0.13+0-b1751.21-8125866), built on Feb  2 2022 03:00:22 by "builder" with MS VC++ 14.0 (VS2015)

END.
